<?xml version="1.0" encoding="UTF-8"?>
<!-- Generated by org.testng.reporters.JUnitXMLReporter -->
<testsuite ignored="21" hostname="Mahi" failures="0" tests="1" name="Test" time="0.103" errors="0" timestamp="2023-02-01T11:41:50 IST">
  <testcase classname="com.Mahidhar_TestNG.Mahidhar1" name="Senddata" time="0.02"/>
  <testcase classname="com.Mahidhar_TestNG.Before_class" name="Search_bar" time="0.0">
    <ignored/>
  </testcase> <!-- Search_bar -->
  <testcase classname="com.Mahidhar_TestNG.Mahidhar1" name="logout" time="0.0">
    <ignored/>
  </testcase> <!-- logout -->
  <testcase classname="com.Mahidhar_TestNG.Befor_test_AnnotationTest" name="Search_bar" time="0.0">
    <ignored/>
  </testcase> <!-- Search_bar -->
  <testcase classname="com.Mahidhar_TestNG.Before_class" name="click_element" time="0.0">
    <ignored/>
  </testcase> <!-- click_element -->
  <testcase classname="com.Mahidhar_TestNG.Mahidhar1" name="Search_bar" time="0.0">
    <ignored/>
  </testcase> <!-- Search_bar -->
  <testcase classname="com.Mahidhar_TestNG.Before_MEthod" name="click_element" time="0.0">
    <ignored/>
  </testcase> <!-- click_element -->
  <testcase classname="com.Mahidhar_TestNG.Before_MEthod" name="Senddata" time="0.0">
    <ignored/>
  </testcase> <!-- Senddata -->
  <testcase classname="com.Mahidhar_TestNG.After_method" name="click_element" time="0.0">
    <ignored/>
  </testcase> <!-- click_element -->
  <testcase classname="com.Mahidhar_TestNG.After_method" name="Senddata" time="0.0">
    <ignored/>
  </testcase> <!-- Senddata -->
  <testcase classname="com.Mahidhar_TestNG.After_class" name="click_element" time="0.0">
    <ignored/>
  </testcase> <!-- click_element -->
  <testcase classname="com.Mahidhar_TestNG.After_class" name="Search_bar" time="0.0">
    <ignored/>
  </testcase> <!-- Search_bar -->
  <testcase classname="com.Mahidhar_TestNG.Befor_test_AnnotationTest" name="login" time="0.0">
    <ignored/>
  </testcase> <!-- login -->
  <testcase classname="com.Mahidhar_TestNG.Mahidhar1" name="login" time="0.0">
    <ignored/>
  </testcase> <!-- login -->
  <testcase classname="com.Mahidhar_TestNG.Mahidhar1" name="click_element" time="0.0">
    <ignored/>
  </testcase> <!-- click_element -->
  <testcase classname="com.Mahidhar_TestNG.Before_MEthod" name="Search_bar" time="0.0">
    <ignored/>
  </testcase> <!-- Search_bar -->
  <testcase classname="com.Mahidhar_TestNG.Before_MEthod" name="logout" time="0.0">
    <ignored/>
  </testcase> <!-- logout -->
  <testcase classname="com.Mahidhar_TestNG.Befor_test_AnnotationTest" name="Senddata" time="0.0">
    <ignored/>
  </testcase> <!-- Senddata -->
  <testcase classname="com.Mahidhar_TestNG.After_class" name="Senddata" time="0.0">
    <ignored/>
  </testcase> <!-- Senddata -->
  <testcase classname="com.Mahidhar_TestNG.Before_class" name="logout" time="0.0">
    <ignored/>
  </testcase> <!-- logout -->
  <testcase classname="com.Mahidhar_TestNG.Befor_test_AnnotationTest" name="logout" time="0.0">
    <ignored/>
  </testcase> <!-- logout -->
  <testcase classname="com.Mahidhar_TestNG.After_method" name="Search_bar" time="0.0">
    <ignored/>
  </testcase> <!-- Search_bar -->
</testsuite> <!-- Test -->
